[0mGET / [36m304[0m 224.841 ms - -[0m
[0mGET /css/layout.css [33m404[0m 30.809 ms - 153[0m
[0mGET /css/footer.css [33m404[0m 47.190 ms - 153[0m
[0mGET /css/home.css [33m404[0m 39.073 ms - 151[0m
[0mGET /css/header.css [33m404[0m 35.253 ms - 153[0m
[0mGET /css/chatbox.css [33m404[0m 46.120 ms - 154[0m
[0mGET /js/home_comment.js [33m404[0m 46.692 ms - 157[0m
[0mGET /js/home_post.js [33m404[0m 11.299 ms - 154[0m
[0mGET /js/toggle_likes.js [33m404[0m 6.894 ms - 157[0m
[0mGET /js/chat_engine.js [33m404[0m 8.104 ms - 156[0m
[0mGET / [32m200[0m 246.909 ms - 4931[0m
[0mGET /css/layout.css [33m404[0m 34.660 ms - 153[0m
[0mGET /css/footer.css [33m404[0m 33.216 ms - 153[0m
[0mGET /css/home.css [33m404[0m 35.163 ms - 151[0m
[0mGET /css/header.css [33m404[0m 48.943 ms - 153[0m
[0mGET /css/chatbox.css [33m404[0m 45.356 ms - 154[0m
[0mGET /js/home_comment.js [33m404[0m 12.889 ms - 157[0m
[0mGET /js/toggle_likes.js [33m404[0m 11.386 ms - 157[0m
[0mGET /js/home_post.js [33m404[0m 27.645 ms - 154[0m
[0mGET /js/chat_engine.js [33m404[0m 9.653 ms - 156[0m
[0mGET /css/layout.css [33m404[0m 18.418 ms - 153[0m
[0mGET /css/header.css [33m404[0m 38.478 ms - 153[0m
[0mGET /css/footer.css [33m404[0m 34.528 ms - 153[0m
[0mGET /css/home.css [33m404[0m 36.938 ms - 151[0m
[0mGET /css/chatbox.css [33m404[0m 30.412 ms - 154[0m
[0mGET /js/toggle_likes.js [33m404[0m 17.781 ms - 157[0m
[0mGET /js/chat_engine.js [33m404[0m 9.271 ms - 156[0m
[0mGET /favicon.ico [33m404[0m 7.991 ms - 150[0m
[0mGET / [36m304[0m 78.425 ms - -[0m
[0mGET /css/layout.css [33m404[0m 34.865 ms - 153[0m
[0mGET /css/header.css [33m404[0m 36.721 ms - 153[0m
[0mGET /css/footer.css [33m404[0m 38.475 ms - 153[0m
[0mGET /css/home.css [33m404[0m 40.574 ms - 151[0m
[0mGET /css/chatbox.css [33m404[0m 42.526 ms - 154[0m
[0mGET /js/home_comment.js [33m404[0m 54.140 ms - 157[0m
[0mGET /js/home_post.js [33m404[0m 15.852 ms - 154[0m
[0mGET /js/toggle_likes.js [33m404[0m 20.112 ms - 157[0m
[0mGET /js/chat_engine.js [33m404[0m 28.851 ms - 156[0m
[0mGET /js/chat_engine.js [33m404[0m 5.182 ms - 156[0m
[0mGET / [36m304[0m 101.523 ms - -[0m
[0mGET /css/footer.css [33m404[0m 11.982 ms - 153[0m
[0mGET /css/layout.css [33m404[0m 14.528 ms - 153[0m
[0mGET /css/header.css [33m404[0m 21.072 ms - 153[0m
[0mGET /css/home.css [33m404[0m 26.219 ms - 151[0m
[0mGET /js/home_comment.js [33m404[0m 35.840 ms - 157[0m
[0mGET /css/chatbox.css [33m404[0m 27.748 ms - 154[0m
[0mGET /js/home_post.js [33m404[0m 18.516 ms - 154[0m
[0mGET /js/toggle_likes.js [33m404[0m 14.382 ms - 157[0m
[0mGET /js/chat_engine.js [33m404[0m 10.608 ms - 156[0m
[0mGET / [36m304[0m 151.758 ms - -[0m
[0mGET /css/layout.css [33m404[0m 27.689 ms - 153[0m
[0mGET /css/header.css [33m404[0m 33.384 ms - 153[0m
[0mGET /css/footer.css [33m404[0m 21.623 ms - 153[0m
[0mGET /css/home.css [33m404[0m 23.466 ms - 151[0m
[0mGET /css/chatbox.css [33m404[0m 18.970 ms - 154[0m
[0mGET /js/home_comment.js [33m404[0m 8.149 ms - 157[0m
[0mGET /js/home_post.js [33m404[0m 19.154 ms - 154[0m
[0mGET /js/toggle_likes.js [33m404[0m 7.818 ms - 157[0m
[0mGET /js/chat_engine.js [33m404[0m 6.557 ms - 156[0m
[0mGET /css/header.css [33m404[0m 17.645 ms - 153[0m
[0mGET /css/layout.css [33m404[0m 24.219 ms - 153[0m
[0mGET /css/home.css [33m404[0m 18.012 ms - 151[0m
[0mGET /css/chatbox.css [33m404[0m 26.476 ms - 154[0m
[0mGET /css/footer.css [33m404[0m 42.411 ms - 153[0m
[0mGET / [36m304[0m 97.528 ms - -[0m
[0mGET /css/layout.css [33m404[0m 20.874 ms - 153[0m
[0mGET /css/header.css [33m404[0m 44.897 ms - 153[0m
[0mGET /css/home.css [33m404[0m 34.492 ms - 151[0m
[0mGET /css/chatbox.css [33m404[0m 75.834 ms - 154[0m
[0mGET /css/footer.css [33m404[0m 43.096 ms - 153[0m
[0mGET /js/home_comment.js [33m404[0m 44.853 ms - 157[0m
[0mGET /js/home_post.js [33m404[0m 47.669 ms - 154[0m
[0mGET /js/toggle_likes.js [33m404[0m 41.861 ms - 157[0m
[0mGET /js/chat_engine.js [33m404[0m 43.353 ms - 156[0m
[0mGET /css/layout.css [33m404[0m 7.724 ms - 153[0m
[0mGET / [36m304[0m 224.778 ms - -[0m
[0mGET /css/layout.css [33m404[0m 23.201 ms - 153[0m
[0mGET /css/header.css [33m404[0m 29.719 ms - 153[0m
[0mGET /css/footer.css [33m404[0m 10.781 ms - 153[0m
[0mGET /css/home.css [33m404[0m 16.719 ms - 151[0m
[0mGET /css/chatbox.css [33m404[0m 10.636 ms - 154[0m
[0mGET /js/home_comment.js [33m404[0m 4.718 ms - 157[0m
[0mGET /js/home_post.js [33m404[0m 15.238 ms - 154[0m
[0mGET /js/toggle_likes.js [33m404[0m 18.169 ms - 157[0m
[0mGET /js/chat_engine.js [33m404[0m 8.780 ms - 156[0m
[0mGET / [31m500[0m 186.881 ms - 2032[0m
[0mGET / [32m200[0m 184.385 ms - 4931[0m
[0mGET /css/layout.css [33m404[0m 22.032 ms - 153[0m
[0mGET /css/home.css [33m404[0m 51.361 ms - 151[0m
[0mGET /css/chatbox.css [33m404[0m 51.138 ms - 154[0m
[0mGET /css/header.css [33m404[0m 48.116 ms - 153[0m
[0mGET /css/footer.css [33m404[0m 49.256 ms - 153[0m
[0mGET /js/home_comment.js [33m404[0m 128.329 ms - 157[0m
[0mGET /js/toggle_likes.js [33m404[0m 22.823 ms - 157[0m
[0mGET /js/chat_engine.js [33m404[0m 29.736 ms - 156[0m
[0mGET /js/home_post.js [33m404[0m 87.193 ms - 154[0m
[0mGET /css/layout.css [33m404[0m 9.485 ms - 153[0m
[0mGET /css/header.css [33m404[0m 8.372 ms - 153[0m
[0mGET /css/footer.css [33m404[0m 12.289 ms - 153[0m
[0mGET /css/home.css [33m404[0m 8.838 ms - 151[0m
[0mGET /css/chatbox.css [33m404[0m 9.324 ms - 154[0m
[0mGET /css/home.css [33m404[0m 18.656 ms - 151[0m
[0mGET /css/chatbox.css [33m404[0m 17.048 ms - 154[0m
[0mGET /css/layout.css [33m404[0m 31.789 ms - 153[0m
[0mGET /css/header.css [33m404[0m 17.609 ms - 153[0m
[0mGET /css/footer.css [33m404[0m 22.192 ms - 153[0m
[0mGET / [32m200[0m 72.415 ms - 5186[0m
[0mGET /css/layout.css [33m404[0m 16.662 ms - 153[0m
[0mGET /css/footer.css [33m404[0m 12.131 ms - 153[0m
[0mGET /css/home.css [33m404[0m 11.993 ms - 151[0m
[0mGET /css/chat_box.css [33m404[0m 5.053 ms - 155[0m
[0mGET /css/header.css [33m404[0m 25.005 ms - 153[0m
[0mGET /js/home_comment.js [33m404[0m 6.701 ms - 157[0m
[0mGET /js/home_post.js [33m404[0m 4.938 ms - 154[0m
[0mGET /js/chat_engine.js [33m404[0m 8.076 ms - 156[0m
[0mGET /js/toggle_likes.js [33m404[0m 5.727 ms - 157[0m
[0mGET /js/home_posts.js [33m404[0m 40.523 ms - 155[0m
[0mGET /js/home_comment.js [33m404[0m 9.348 ms - 157[0m
[0mGET /js/toggle_likes.js [33m404[0m 3.482 ms - 157[0m
[0mGET /js/chat_engine.js [33m404[0m 4.916 ms - 156[0m
[0mGET / [36m304[0m 2213.810 ms - -[0m
[0mGET /css/layout.css [33m404[0m 18.493 ms - 153[0m
[0mGET /css/header.css [33m404[0m 31.453 ms - 153[0m
[0mGET /css/footer.css [33m404[0m 17.213 ms - 153[0m
[0mGET /css/home.css [33m404[0m 20.618 ms - 151[0m
[0mGET /js/home_post.js [33m404[0m 7.702 ms - 154[0m
[0mGET /js/home_posts.js [33m404[0m 12.551 ms - 155[0m
[0mGET /css/chat_box.css [33m404[0m 19.848 ms - 155[0m
[0mGET /js/home_comment.js [33m404[0m 18.553 ms - 157[0m
[0mGET /js/toggle_likes.js [33m404[0m 26.504 ms - 157[0m
[0mGET /js/chat_engine.js [33m404[0m 23.631 ms - 156[0m
[0mGET /css/layout.css [33m404[0m 7.813 ms - 153[0m
[0mGET /css/footer.css [33m404[0m 10.440 ms - 153[0m
[0mGET /css/chat_box.css [33m404[0m 10.292 ms - 155[0m
[0mGET /css/header.css [33m404[0m 8.711 ms - 153[0m
[0mGET /css/home.css [33m404[0m 36.827 ms - 151[0m
[0mGET /js/home_comment.js [33m404[0m 4.430 ms - 157[0m
[0mGET /js/toggle_likes.js [33m404[0m 3.479 ms - 157[0m
[0mGET /js/chat_engine.js [33m404[0m 3.511 ms - 156[0m
[0mGET /favicon.ico [33m404[0m 3.918 ms - 150[0m
[0mGET /css/layout.css [33m404[0m 7.596 ms - 153[0m
[0mGET /css/footer.css [33m404[0m 9.745 ms - 153[0m
[0mGET /css/header.css [33m404[0m 9.511 ms - 153[0m
[0mGET /css/chat_box.css [33m404[0m 10.174 ms - 155[0m
[0mGET /css/home.css [33m404[0m 28.428 ms - 151[0m
[0mGET / [36m304[0m 43.841 ms - -[0m
[0mGET /css/layout.css [33m404[0m 9.967 ms - 153[0m
[0mGET /css/footer.css [33m404[0m 12.627 ms - 153[0m
[0mGET /js/home_comment.js [33m404[0m 8.298 ms - 157[0m
[0mGET /js/home_post.js [33m404[0m 7.377 ms - 154[0m
[0mGET /css/home.css [33m404[0m 23.079 ms - 151[0m
[0mGET /css/header.css [33m404[0m 54.824 ms - 153[0m
[0mGET /css/chat_box.css [33m404[0m 8.296 ms - 155[0m
[0mGET /js/home_posts.js [33m404[0m 18.207 ms - 155[0m
[0mGET /js/toggle_likes.js [33m404[0m 5.520 ms - 157[0m
[0mGET /js/chat_engine.js [33m404[0m 8.891 ms - 156[0m
[0mGET /css/layout.css [33m404[0m 22.066 ms - 153[0m
[0mGET /css/header.css [33m404[0m 20.590 ms - 153[0m
[0mGET /css/footer.css [33m404[0m 20.944 ms - 153[0m
[0mGET /css/home.css [33m404[0m 21.270 ms - 151[0m
[0mGET /css/chat_box.css [33m404[0m 25.182 ms - 155[0m
[0mGET /js/home_comment.js [33m404[0m 4.136 ms - 157[0m
[0mGET /js/toggle_likes.js [33m404[0m 4.681 ms - 157[0m
[0mGET /js/chat_engine.js [33m404[0m 4.451 ms - 156[0m
[0mGET / [31m500[0m 57.889 ms - 2009[0m
[0mGET / [32m200[0m 73.041 ms - 5186[0m
[0mGET /js/toggle_likes.js [33m404[0m 21.309 ms - 157[0m
[0mGET /css/header.css [33m404[0m 22.763 ms - 153[0m
[0mGET /css/footer.css [33m404[0m 26.375 ms - 153[0m
[0mGET /css/home.css [33m404[0m 28.209 ms - 151[0m
[0mGET /css/layout.css [33m404[0m 32.551 ms - 153[0m
[0mGET /js/home_comment.js [33m404[0m 31.526 ms - 157[0m
[0mGET /css/chat_box.css [33m404[0m 12.857 ms - 155[0m
[0mGET /js/chat_engine.js [33m404[0m 9.344 ms - 156[0m
[0mGET /js/home_post.js [33m404[0m 18.711 ms - 154[0m
[0mGET /js/home_posts.js [33m404[0m 19.475 ms - 155[0m
[0mGET /css/layout.css [33m404[0m 10.376 ms - 153[0m
[0mGET /css/header.css [33m404[0m 13.804 ms - 153[0m
[0mGET /css/footer.css [33m404[0m 1010.908 ms - 153[0m
[0mGET /css/home.css [33m404[0m 24.504 ms - 151[0m
[0mGET /css/chat_box.css [33m404[0m 24.981 ms - 155[0m
[0mGET /js/home_comment.js [33m404[0m 2.794 ms - 157[0m
[0mGET /js/toggle_likes.js [33m404[0m 6.228 ms - 157[0m
[0mGET /js/chat_engine.js [33m404[0m 2.262 ms - 156[0m
[0mGET /css/layout.css [33m404[0m 5.852 ms - 153[0m
[0mGET /css/header.css [33m404[0m 12.848 ms - 153[0m
[0mGET /css/footer.css [33m404[0m 12.548 ms - 153[0m
[0mGET /css/home.css [33m404[0m 11.575 ms - 151[0m
[0mGET /css/chat_box.css [33m404[0m 6.811 ms - 155[0m
[0mGET / [31m500[0m 39.589 ms - 2009[0m
[0mGET / [31m500[0m 107.184 ms - 1519[0m
[0mGET / [32m200[0m 49.678 ms - 5186[0m
[0mGET /css/chat_box.css [33m404[0m 25.248 ms - 155[0m
[0mGET /css/home.css [33m404[0m 26.246 ms - 151[0m
[0mGET /css/footer.css [33m404[0m 27.223 ms - 153[0m
[0mGET /css/layout.css [33m404[0m 25.448 ms - 153[0m
[0mGET /js/home_comment.js [33m404[0m 25.168 ms - 157[0m
[0mGET /css/header.css [33m404[0m 12.514 ms - 153[0m
[0mGET /js/chat_engine.js [33m404[0m 19.182 ms - 156[0m
[0mGET /js/home_post.js [33m404[0m 48.255 ms - 154[0m
[0mGET /js/home_posts.js [33m404[0m 34.931 ms - 155[0m
[0mGET /js/toggle_likes.js [33m404[0m 38.341 ms - 157[0m
[0mGET /css/layout.css [33m404[0m 6.597 ms - 153[0m
[0mGET /css/footer.css [33m404[0m 11.333 ms - 153[0m
[0mGET /css/header.css [33m404[0m 7.059 ms - 153[0m
[0mGET /css/chat_box.css [33m404[0m 3.698 ms - 155[0m
[0mGET /css/home.css [33m404[0m 23.506 ms - 151[0m
[0mGET /js/home_comment.js [33m404[0m 4.765 ms - 157[0m
[0mGET /js/toggle_likes.js [33m404[0m 5.596 ms - 157[0m
[0mGET /js/chat_engine.js [33m404[0m 4.723 ms - 156[0m
